  main.cpp
c:\users\ebru\documents\github\mt_client\mt_tuio_client_framework_2015\tuio client example\main.cpp(36): warning C4305: "Initialisierung": Verkürzung von "double" in "float"
c:\users\ebru\documents\github\mt_client\mt_tuio_client_framework_2015\tuio client example\main.cpp(58): warning C4244: "=": Konvertierung von "double" in "float", möglicher Datenverlust
c:\users\ebru\documents\github\mt_client\mt_tuio_client_framework_2015\tuio client example\main.cpp(72): warning C4244: "=": Konvertierung von "double" in "float", möglicher Datenverlust
c:\users\ebru\documents\github\mt_client\mt_tuio_client_framework_2015\tuio client example\main.cpp(128): warning C4018: "<": Konflikt zwischen "signed" und "unsigned"
c:\users\ebru\documents\github\mt_client\mt_tuio_client_framework_2015\tuio client example\main.cpp(176): warning C4018: "<": Konflikt zwischen "signed" und "unsigned"
c:\users\ebru\documents\github\mt_client\mt_tuio_client_framework_2015\tuio client example\main.cpp(245): warning C4244: "Argument": Konvertierung von "double" in "float", möglicher Datenverlust
c:\users\ebru\documents\github\mt_client\mt_tuio_client_framework_2015\tuio client example\main.cpp(246): warning C4244: "=": Konvertierung von "double" in "float", möglicher Datenverlust
c:\users\ebru\documents\github\mt_client\mt_tuio_client_framework_2015\tuio client example\main.cpp(274): warning C4018: "<": Konflikt zwischen "signed" und "unsigned"
c:\users\ebru\documents\github\mt_client\mt_tuio_client_framework_2015\tuio client example\main.cpp(283): warning C4018: "<": Konflikt zwischen "signed" und "unsigned"
c:\users\ebru\documents\github\mt_client\mt_tuio_client_framework_2015\tuio client example\main.cpp(288): warning C4018: "<": Konflikt zwischen "signed" und "unsigned"
c:\users\ebru\documents\github\mt_client\mt_tuio_client_framework_2015\tuio client example\main.cpp(297): warning C4018: "<": Konflikt zwischen "signed" und "unsigned"
c:\users\ebru\documents\github\mt_client\mt_tuio_client_framework_2015\tuio client example\main.cpp(305): warning C4018: "<": Konflikt zwischen "signed" und "unsigned"
c:\users\ebru\documents\github\mt_client\mt_tuio_client_framework_2015\tuio client example\main.cpp(313): warning C4018: "<": Konflikt zwischen "signed" und "unsigned"
c:\users\ebru\documents\github\mt_client\mt_tuio_client_framework_2015\tuio client example\main.cpp(338): warning C4018: "<": Konflikt zwischen "signed" und "unsigned"
c:\users\ebru\documents\github\mt_client\mt_tuio_client_framework_2015\tuio client example\main.cpp(379): warning C4018: "<": Konflikt zwischen "signed" und "unsigned"
c:\users\ebru\documents\github\mt_client\mt_tuio_client_framework_2015\tuio client example\main.cpp(386): warning C4018: "<": Konflikt zwischen "signed" und "unsigned"
c:\users\ebru\documents\github\mt_client\mt_tuio_client_framework_2015\tuio client example\main.cpp(613): warning C4305: "Argument": Verkürzung von "double" in "GLfloat"
c:\users\ebru\documents\github\mt_client\mt_tuio_client_framework_2015\tuio client example\main.cpp(614): warning C4305: "Argument": Verkürzung von "double" in "GLfloat"
c:\users\ebru\documents\github\mt_client\mt_tuio_client_framework_2015\tuio client example\main.cpp(657): warning C4101: "threadID": Unreferenzierte lokale Variable
  Tuio Client Example.vcxproj -> C:\Users\Ebru\Documents\GitHub\MT_Client\mt_tuio_client_framework_2015\Debug\Tuio Client Example.exe
