c:\users\jaann\documents\github\multi touch res\mt_tuio_client_framework_2015\tuio client example\debug\vc141.pdb
c:\users\jaann\documents\github\multi touch res\mt_tuio_client_framework_2015\tuio client example\debug\vc141.idb
c:\users\jaann\documents\github\multi touch res\mt_tuio_client_framework_2015\tuio client example\debug\networkingutils.obj
c:\users\jaann\documents\github\multi touch res\mt_tuio_client_framework_2015\tuio client example\debug\udpsocket.obj
c:\users\jaann\documents\github\multi touch res\mt_tuio_client_framework_2015\tuio client example\debug\oscreceivedelements.obj
c:\users\jaann\documents\github\multi touch res\mt_tuio_client_framework_2015\tuio client example\debug\tuioclient.obj
c:\users\jaann\documents\github\multi touch res\mt_tuio_client_framework_2015\tuio client example\debug\tuiotime.obj
c:\users\jaann\documents\github\multi touch res\mt_tuio_client_framework_2015\tuio client example\debug\geometricrecognizer.obj
c:\users\jaann\documents\github\multi touch res\mt_tuio_client_framework_2015\tuio client example\debug\main.obj
c:\users\jaann\documents\github\mt_client\mt_tuio_client_framework_2015\tuio client example\debug\vc141.pdb
c:\users\jaann\documents\github\mt_client\mt_tuio_client_framework_2015\tuio client example\debug\vc141.idb
c:\users\jaann\documents\github\mt_client\mt_tuio_client_framework_2015\tuio client example\debug\geometricrecognizer.obj
c:\users\jaann\documents\github\mt_client\mt_tuio_client_framework_2015\tuio client example\debug\networkingutils.obj
c:\users\jaann\documents\github\mt_client\mt_tuio_client_framework_2015\tuio client example\debug\udpsocket.obj
c:\users\jaann\documents\github\mt_client\mt_tuio_client_framework_2015\tuio client example\debug\oscreceivedelements.obj
c:\users\jaann\documents\github\mt_client\mt_tuio_client_framework_2015\tuio client example\debug\tuioclient.obj
c:\users\jaann\documents\github\mt_client\mt_tuio_client_framework_2015\tuio client example\debug\tuiotime.obj
c:\users\jaann\documents\github\mt_client\mt_tuio_client_framework_2015\tuio client example\debug\main.obj
c:\users\jaann\documents\github\multi touch res\mt_tuio_client_framework_2015\debug\tuio client example.exe
c:\users\jaann\documents\github\multi touch res\mt_tuio_client_framework_2015\debug\tuio client example.ilk
c:\users\jaann\documents\github\multi touch res\mt_tuio_client_framework_2015\debug\tuio client example.pdb
c:\users\jaann\documents\github\mt_client\mt_tuio_client_framework_2015\debug\tuio client example.exe
c:\users\jaann\documents\github\mt_client\mt_tuio_client_framework_2015\debug\tuio client example.ilk
c:\users\jaann\documents\github\mt_client\mt_tuio_client_framework_2015\debug\tuio client example.pdb
c:\users\jaann\documents\github\mt_client\mt_tuio_client_framework_2015\tuio client example\debug\tuio cli.6f33a2f0.tlog\cl.command.1.tlog
c:\users\jaann\documents\github\mt_client\mt_tuio_client_framework_2015\tuio client example\debug\tuio cli.6f33a2f0.tlog\cl.read.1.tlog
c:\users\jaann\documents\github\mt_client\mt_tuio_client_framework_2015\tuio client example\debug\tuio cli.6f33a2f0.tlog\cl.write.1.tlog
c:\users\jaann\documents\github\mt_client\mt_tuio_client_framework_2015\tuio client example\debug\tuio cli.6f33a2f0.tlog\link.command.1.tlog
c:\users\jaann\documents\github\mt_client\mt_tuio_client_framework_2015\tuio client example\debug\tuio cli.6f33a2f0.tlog\link.read.1.tlog
c:\users\jaann\documents\github\mt_client\mt_tuio_client_framework_2015\tuio client example\debug\tuio cli.6f33a2f0.tlog\link.write.1.tlog
